<?xml version="1.0" encoding="UTF-8"?>
<!-- Generated by org.testng.reporters.JUnitReportReporter -->
<testsuite skipped="0" hostname="DESKTOP-ADGCHK6" name="com.ebanking.master.Exepom" tests="3" failures="0" timestamp="2024-07-31T18:35:53 IST" time="50.026" errors="0">
  <testcase name="Rcreation" time="16.725" classname="com.ebanking.master.Exepom"/>
  <system-out/>
  <testcase name="Rcreation" time="16.637" classname="com.ebanking.master.Exepom"/>
  <system-out/>
  <testcase name="Rcreation" time="16.664" classname="com.ebanking.master.Exepom"/>
  <system-out/>
</testsuite> <!-- com.ebanking.master.Exepom -->
