<?xml version="1.0" encoding="UTF-8"?>
<!-- Generated by org.testng.reporters.JUnitReportReporter -->
<testsuite skipped="0" hostname="DESKTOP-ADGCHK6" name="com.ebanking.master.SGrid" tests="1" failures="0" timestamp="2024-08-07T19:26:52 IST" time="25.203" errors="0">
  <testcase name="Gd" time="25.203" classname="com.ebanking.master.SGrid"/>
  <system-out/>
</testsuite> <!-- com.ebanking.master.SGrid -->
