<?xml version="1.0" encoding="UTF-8"?>
<!-- Generated by org.testng.reporters.JUnitReportReporter -->
<testsuite skipped="0" hostname="DESKTOP-ADGCHK6" name="com.ebanking.master.RoleNg" tests="3" failures="0" timestamp="2024-07-30T18:15:38 IST" time="41.190" errors="0">
  <testcase name="Rol" time="13.508" classname="com.ebanking.master.RoleNg"/>
  <system-out/>
  <testcase name="Rol" time="14.170" classname="com.ebanking.master.RoleNg"/>
  <system-out/>
  <testcase name="Rol" time="13.512" classname="com.ebanking.master.RoleNg"/>
  <system-out/>
</testsuite> <!-- com.ebanking.master.RoleNg -->
