<?xml version="1.0" encoding="UTF-8"?>
<!-- Generated by org.testng.reporters.JUnitReportReporter -->
<testsuite skipped="0" hostname="DESKTOP-ADGCHK6" name="com.ebanking.scripts.SampleNG" tests="2" failures="0" timestamp="2024-07-24T18:45:24 IST" time="14.134" errors="0">
  <testcase name="RanfordPage" time="7.894" classname="com.ebanking.scripts.SampleNG"/>
  <system-out/>
  <testcase name="RPage" time="6.240" classname="com.ebanking.scripts.SampleNG"/>
  <system-out/>
</testsuite> <!-- com.ebanking.scripts.SampleNG -->
